HMBaiDuMap/build/outputs/logs/manifest-merger-release-report.txt
-- Merging decision tree log ---
manifest
ADDED from src\main\AndroidManifest.xml:2:1-79:12
	package
		ADDED from src\main\AndroidManifest.xml:3:5-34
		INJECTED from src\main\AndroidManifest.xml
		INJECTED from src\main\AndroidManifest.xml
	android:versionName
		ADDED from src\main\AndroidManifest.xml:5:5-30
		INJECTED from src\main\AndroidManifest.xml
		INJECTED from src\main\AndroidManifest.xml
	android:versionCode
		ADDED from src\main\AndroidManifest.xml:4:5-28
		INJECTED from src\main\AndroidManifest.xml
		INJECTED from src\main\AndroidManifest.xml
	xmlns:android
		ADDED from src\main\AndroidManifest.xml:2:11-69
uses-sdk
ADDED from src\main\AndroidManifest.xml:7:5-9:41
	android:targetSdkVersion
		ADDED from src\main\AndroidManifest.xml:9:9-38
		INJECTED from src\main\AndroidManifest.xml
		INJECTED from src\main\AndroidManifest.xml
	android:minSdkVersion
		ADDED from src\main\AndroidManifest.xml:8:9-34
		INJECTED from src\main\AndroidManifest.xml
		INJECTED from src\main\AndroidManifest.xml
uses-permission#android.permission.ACCESS_COARSE_LOCATION
ADDED from src\main\AndroidManifest.xml:11:5-12:23
	android:name
		ADDED from src\main\AndroidManifest.xml:11:22-78
uses-permission#android.permission.ACCESS_FINE_LOCATION
ADDED from src\main\AndroidManifest.xml:14:5-15:23
	android:name
		ADDED from src\main\AndroidManifest.xml:14:22-76
uses-permission#android.permission.ACCESS_WIFI_STATE
ADDED from src\main\AndroidManifest.xml:17:5-18:23
	android:name
		ADDED from src\main\AndroidManifest.xml:17:22-73
uses-permission#android.permission.ACCESS_NETWORK_STATE
ADDED from src\main\AndroidManifest.xml:20:5-21:23
	android:name
		ADDED from src\main\AndroidManifest.xml:20:22-76
uses-permission#android.permission.CHANGE_WIFI_STATE
ADDED from src\main\AndroidManifest.xml:23:5-24:23
	android:name
		ADDED from src\main\AndroidManifest.xml:23:22-73
uses-permission#android.permission.READ_PHONE_STATE
ADDED from src\main\AndroidManifest.xml:26:5-27:23
	android:name
		ADDED from src\main\AndroidManifest.xml:26:22-72
uses-permission#android.permission.WRITE_EXTERNAL_STORAGE
ADDED from src\main\AndroidManifest.xml:29:5-30:23
	android:name
		ADDED from src\main\AndroidManifest.xml:29:22-78
uses-permission#android.permission.INTERNET
ADDED from src\main\AndroidManifest.xml:32:5-67
	android:name
		ADDED from src\main\AndroidManifest.xml:32:22-64
uses-permission#android.permission.MOUNT_UNMOUNT_FILESYSTEMS
ADDED from src\main\AndroidManifest.xml:34:5-35:23
	android:name
		ADDED from src\main\AndroidManifest.xml:34:22-81
uses-permission#android.permission.READ_LOGS
ADDED from src\main\AndroidManifest.xml:37:5-38:23
	android:name
		ADDED from src\main\AndroidManifest.xml:37:22-65
application
ADDED from src\main\AndroidManifest.xml:40:5-77:19
	android:label
		ADDED from src\main\AndroidManifest.xml:43:9-41
	android:allowBackup
		ADDED from src\main\AndroidManifest.xml:41:9-35
	android:icon
		ADDED from src\main\AndroidManifest.xml:42:9-45
	android:theme
		ADDED from src\main\AndroidManifest.xml:44:9-40
meta-data#com.baidu.lbsapi.API_KEY
ADDED from src\main\AndroidManifest.xml:45:9-47:64
	android:value
		ADDED from src\main\AndroidManifest.xml:47:13-61
	android:name
		ADDED from src\main\AndroidManifest.xml:46:13-52
activity#cn.itheima.baidumap.HelloWorld
ADDED from src\main\AndroidManifest.xml:49:9-67
	android:name
		ADDED from src\main\AndroidManifest.xml:49:19-64
activity#cn.itheima.baidumap.LayerDemo
ADDED from src\main\AndroidManifest.xml:50:9-66
	android:name
		ADDED from src\main\AndroidManifest.xml:50:19-63
activity#cn.itheima.baidumap.CircleOptionsDemo
ADDED from src\main\AndroidManifest.xml:51:9-74
	android:name
		ADDED from src\main\AndroidManifest.xml:51:19-71
activity#cn.itheima.baidumap.TextOptionsDemo
ADDED from src\main\AndroidManifest.xml:52:9-72
	android:name
		ADDED from src\main\AndroidManifest.xml:52:19-69
activity#cn.itheima.baidumap.MarkerOptionsDemo
ADDED from src\main\AndroidManifest.xml:53:9-74
	android:name
		ADDED from src\main\AndroidManifest.xml:53:19-71
activity#cn.itheima.baidumap.PoiSearchInBoundDemo
ADDED from src\main\AndroidManifest.xml:54:9-77
	android:name
		ADDED from src\main\AndroidManifest.xml:54:19-74
activity#cn.itheima.baidumap.PoiSearchNearByDemo
ADDED from src\main\AndroidManifest.xml:55:9-76
	android:name
		ADDED from src\main\AndroidManifest.xml:55:19-73
activity#cn.itheima.baidumap.PoiSearchInCityDemo
ADDED from src\main\AndroidManifest.xml:56:9-76
	android:name
		ADDED from src\main\AndroidManifest.xml:56:19-73
activity#cn.itheima.baidumap.DrivingSearchDemo
ADDED from src\main\AndroidManifest.xml:57:9-74
	android:name
		ADDED from src\main\AndroidManifest.xml:57:19-71
activity#cn.itheima.baidumap.WalkingSearchDemo
ADDED from src\main\AndroidManifest.xml:58:9-74
	android:name
		ADDED from src\main\AndroidManifest.xml:58:19-71
activity#cn.itheima.baidumap.TransitSearchDemo
ADDED from src\main\AndroidManifest.xml:59:9-74
	android:name
		ADDED from src\main\AndroidManifest.xml:59:19-71
activity#cn.itheima.baidumap.MyLocationDemo
ADDED from src\main\AndroidManifest.xml:60:9-71
	android:name
		ADDED from src\main\AndroidManifest.xml:60:19-68
service#com.baidu.location.f
ADDED from src\main\AndroidManifest.xml:62:9-66:19
	android:enabled
		ADDED from src\main\AndroidManifest.xml:64:13-35
	android:process
		ADDED from src\main\AndroidManifest.xml:65:13-38
	android:name
		ADDED from src\main\AndroidManifest.xml:63:13-48
activity#cn.itheima.baidumap.MainActivity
ADDED from src\main\AndroidManifest.xml:68:9-76:20
	android:label
		ADDED from src\main\AndroidManifest.xml:70:13-45
	android:name
		ADDED from src\main\AndroidManifest.xml:69:13-60
intent-filter#android.intent.action.MAIN+android.intent.category.LAUNCHER
ADDED from src\main\AndroidManifest.xml:71:13-75:29
action#android.intent.action.MAIN
ADDED from src\main\AndroidManifest.xml:72:17-69
	android:name
		ADDED from src\main\AndroidManifest.xml:72:25-66
category#android.intent.category.LAUNCHER
ADDED from src\main\AndroidManifest.xml:74:17-77
	android:name
		ADDED from src\main\AndroidManifest.xml:74:27-74